  [4;36;1mSQL (0.2ms)[0m   [0;1mSET NAMES 'utf8'[0m
  [4;35;1mSQL (0.2ms)[0m   [0mSET SQL_AUTO_IS_NULL=0[0m
  [4;36;1mSQL (0.3ms)[0m   [0;1mSHOW TABLES[0m
  [4;35;1mSQL (34.3ms)[0m   [0mCREATE TABLE `schema_migrations` (`version` varchar(255) NOT NULL) ENGINE=InnoDB[0m
  [4;36;1mSQL (22.7ms)[0m   [0;1mCREATE UNIQUE INDEX `unique_schema_migrations` ON `schema_migrations` (`version`)[0m
  [4;35;1mSQL (0.4ms)[0m   [0mSHOW TABLES[0m
  [4;36;1mSQL (0.4ms)[0m   [0;1mSELECT version FROM schema_migrations[0m
Migrating to CreateUsers (20120603145047)
  [4;35;1mSQL (2.0ms)[0m   [0mCREATE TABLE `users` (`id` int(11) DEFAULT NULL auto_increment PRIMARY KEY, `email` varchar(255), `pass` varchar(255), `sig` varchar(255), `note` varchar(255), `created_at` datetime, `updated_at` datetime) ENGINE=InnoDB[0m
  [4;36;1mSQL (2.2ms)[0m   [0;1mINSERT INTO schema_migrations (version) VALUES ('20120603145047')[0m
  [4;35;1mSQL (0.5ms)[0m   [0mSHOW TABLES[0m
  [4;36;1mSQL (0.3ms)[0m   [0;1mSELECT version FROM schema_migrations[0m
  [4;35;1mSQL (0.3ms)[0m   [0mSHOW TABLES[0m
  [4;36;1mSQL (0.6ms)[0m   [0;1mSHOW FIELDS FROM `users`[0m
  [4;35;1mSQL (0.5ms)[0m   [0mdescribe `users`[0m
  [4;36;1mSQL (0.5ms)[0m   [0;1mSHOW KEYS FROM `users`[0m
  [4;36;1mSQL (0.2ms)[0m   [0;1mSET NAMES 'utf8'[0m
  [4;35;1mSQL (0.2ms)[0m   [0mSET SQL_AUTO_IS_NULL=0[0m
  [4;36;1mUser Columns (0.6ms)[0m   [0;1mSHOW FIELDS FROM `users`[0m
  [4;35;1mSQL (0.2ms)[0m   [0mBEGIN[0m
  [4;36;1mUser Create (0.4ms)[0m   [0;1mINSERT INTO `users` (`created_at`, `updated_at`, `sig`, `note`, `pass`, `email`) VALUES('2012-06-03 15:00:45', '2012-06-03 15:00:45', NULL, NULL, 'Pass001', 'mario9000@online.de')[0m
  [4;35;1mSQL (2.0ms)[0m   [0mCOMMIT[0m
  [4;36;1mSQL (0.2ms)[0m   [0;1mSET NAMES 'utf8'[0m
  [4;35;1mSQL (0.2ms)[0m   [0mSET SQL_AUTO_IS_NULL=0[0m
  [4;36;1mUser Load (0.4ms)[0m   [0;1mSELECT * FROM `users` LIMIT 1[0m
  [4;35;1mUser Columns (0.6ms)[0m   [0mSHOW FIELDS FROM `users`[0m
  [4;36;1mSQL (0.1ms)[0m   [0;1mSET NAMES 'utf8'[0m
  [4;35;1mSQL (0.2ms)[0m   [0mSET SQL_AUTO_IS_NULL=0[0m
  [4;36;1mUser Columns (0.6ms)[0m   [0;1mSHOW FIELDS FROM `users`[0m
  [4;36;1mSQL (0.3ms)[0m   [0;1mSET NAMES 'utf8'[0m
  [4;35;1mSQL (0.2ms)[0m   [0mSET SQL_AUTO_IS_NULL=0[0m
  [4;36;1mUser Load (0.2ms)[0m   [0;1mSELECT * FROM `users` LIMIT 1[0m
  [4;35;1mUser Columns (0.6ms)[0m   [0mSHOW FIELDS FROM `users`[0m
  [4;36;1mSQL (0.2ms)[0m   [0;1mSET NAMES 'utf8'[0m
  [4;35;1mSQL (0.2ms)[0m   [0mSET SQL_AUTO_IS_NULL=0[0m
  [4;36;1mUser Load (0.1ms)[0m   [0;1mSELECT * FROM `users` LIMIT 1[0m
  [4;35;1mUser Columns (0.6ms)[0m   [0mSHOW FIELDS FROM `users`[0m
  [4;36;1mSQL (0.3ms)[0m   [0;1mSET NAMES 'utf8'[0m
  [4;35;1mSQL (0.2ms)[0m   [0mSET SQL_AUTO_IS_NULL=0[0m
  [4;36;1mUser Load (0.2ms)[0m   [0;1mSELECT * FROM `users` LIMIT 1[0m
  [4;35;1mUser Columns (0.6ms)[0m   [0mSHOW FIELDS FROM `users`[0m
  [4;36;1mSQL (0.2ms)[0m   [0;1mSET NAMES 'utf8'[0m
  [4;35;1mSQL (0.2ms)[0m   [0mSET SQL_AUTO_IS_NULL=0[0m
  [4;36;1mUser Load (0.3ms)[0m   [0;1mSELECT * FROM `users` LIMIT 1[0m
  [4;35;1mUser Columns (0.6ms)[0m   [0mSHOW FIELDS FROM `users`[0m
  [4;36;1mSQL (0.2ms)[0m   [0;1mSET NAMES 'utf8'[0m
  [4;35;1mSQL (0.3ms)[0m   [0mSET SQL_AUTO_IS_NULL=0[0m
  [4;36;1mUser Load (0.1ms)[0m   [0;1mSELECT * FROM `users` LIMIT 1[0m
  [4;35;1mUser Columns (0.9ms)[0m   [0mSHOW FIELDS FROM `users`[0m
  [4;36;1mSQL (0.2ms)[0m   [0;1mSET NAMES 'utf8'[0m
  [4;35;1mSQL (0.2ms)[0m   [0mSET SQL_AUTO_IS_NULL=0[0m
  [4;36;1mUser Load (0.2ms)[0m   [0;1mSELECT * FROM `users` LIMIT 1[0m
  [4;35;1mUser Columns (0.6ms)[0m   [0mSHOW FIELDS FROM `users`[0m
  [4;36;1mSQL (0.1ms)[0m   [0;1mSET NAMES 'utf8'[0m
  [4;35;1mSQL (0.2ms)[0m   [0mSET SQL_AUTO_IS_NULL=0[0m
  [4;36;1mUser Load (0.2ms)[0m   [0;1mSELECT * FROM `users` LIMIT 1[0m
  [4;35;1mUser Columns (1.3ms)[0m   [0mSHOW FIELDS FROM `users`[0m
  [4;36;1mSQL (0.3ms)[0m   [0;1mBEGIN[0m
  [4;35;1mUser Update (0.5ms)[0m   [0mUPDATE `users` SET `updated_at` = '2012-06-03 15:18:05' WHERE `id` = 1[0m
  [4;36;1mSQL (1.0ms)[0m   [0;1mCOMMIT[0m
  [4;35;1mSQL (0.1ms)[0m   [0mSET NAMES 'utf8'[0m
  [4;36;1mSQL (0.2ms)[0m   [0;1mSET SQL_AUTO_IS_NULL=0[0m
  [4;35;1mUser Load (0.5ms)[0m   [0mSELECT * FROM `users` LIMIT 1[0m
  [4;36;1mUser Columns (0.6ms)[0m   [0;1mSHOW FIELDS FROM `users`[0m
  [4;35;1mSQL (0.4ms)[0m   [0mBEGIN[0m
  [4;36;1mUser Update (0.4ms)[0m   [0;1mUPDATE `users` SET `updated_at` = '2012-06-03 15:18:40', `pass` = '098f6bcd4621d373cade4e832627b4f6' WHERE `id` = 1[0m
  [4;35;1mSQL (1.6ms)[0m   [0mCOMMIT[0m
  [4;36;1mSQL (0.1ms)[0m   [0;1mSET NAMES 'utf8'[0m
  [4;35;1mSQL (0.1ms)[0m   [0mSET SQL_AUTO_IS_NULL=0[0m
  [4;36;1mUser Columns (0.6ms)[0m   [0;1mSHOW FIELDS FROM `users`[0m
  [4;35;1mSQL (0.2ms)[0m   [0mSET NAMES 'utf8'[0m
  [4;36;1mSQL (0.3ms)[0m   [0;1mSET SQL_AUTO_IS_NULL=0[0m
  [4;35;1mUser Columns (0.6ms)[0m   [0mSHOW FIELDS FROM `users`[0m
  [4;36;1mUser Load (0.5ms)[0m   [0;1mSELECT * FROM `users` WHERE (`users`.`email` = 'mario9000@onliende.' AND `users`.`pass` = 'test') LIMIT 1[0m
  [4;35;1mSQL (0.1ms)[0m   [0mSET NAMES 'utf8'[0m
  [4;36;1mSQL (0.2ms)[0m   [0;1mSET SQL_AUTO_IS_NULL=0[0m
  [4;35;1mUser Columns (0.6ms)[0m   [0mSHOW FIELDS FROM `users`[0m
  [4;36;1mUser Load (0.4ms)[0m   [0;1mSELECT * FROM `users` WHERE (`users`.`email` = 'mario9000@onliende.' AND `users`.`pass` = '098f6bcd4621d373cade4e832627b4f6') LIMIT 1[0m
  [4;35;1mUser Load (0.5ms)[0m   [0mSELECT * FROM `users` WHERE (`users`.`email` = 'mario9000@online.de.' AND `users`.`pass` = '098f6bcd4621d373cade4e832627b4f6') LIMIT 1[0m
  [4;36;1mUser Load (0.0ms)[0m   [0;1mMysql::Error: MySQL server has gone away: SELECT * FROM `users` WHERE (`users`.`email` = 'mario9000@online.de.' AND `users`.`pass` = '098f6bcd4621d373cade4e832627b4f6') LIMIT 1[0m
  [4;35;1mSQL (0.2ms)[0m   [0mSET NAMES 'utf8'[0m
  [4;36;1mSQL (0.2ms)[0m   [0;1mSET SQL_AUTO_IS_NULL=0[0m
  [4;35;1mUser Columns (0.6ms)[0m   [0mSHOW FIELDS FROM `users`[0m
  [4;36;1mUser Load (0.6ms)[0m   [0;1mSELECT * FROM `users` WHERE (`users`.`email` = 'mario9000@online.de.' AND `users`.`pass` = '098f6bcd4621d373cade4e832627b4f6') LIMIT 1[0m
  [4;35;1mUser Load (0.5ms)[0m   [0mSELECT * FROM `users` WHERE (`users`.`email` = 'mario9000@online.de' AND `users`.`pass` = '098f6bcd4621d373cade4e832627b4f6') LIMIT 1[0m
  [4;36;1mSQL (0.2ms)[0m   [0;1mSET NAMES 'utf8'[0m
  [4;35;1mSQL (0.5ms)[0m   [0mSET SQL_AUTO_IS_NULL=0[0m
  [4;36;1mUser Columns (0.8ms)[0m   [0;1mSHOW FIELDS FROM `users`[0m
  [4;35;1mUser Load (0.3ms)[0m   [0mSELECT * FROM `users` WHERE (`users`.`email` = 'mario9000@online.de' AND `users`.`pass` = '098f6bcd4621d373cade4e832627b4f6') LIMIT 1[0m
  [4;36;1mUser Load (0.8ms)[0m   [0;1mSELECT * FROM `users` WHERE (`users`.`email` = 'mario9000@online.de' AND `users`.`pass` = 'd41d8cd98f00b204e9800998ecf8427e') LIMIT 1[0m
  [4;36;1mSQL (0.3ms)[0m   [0;1mSET NAMES 'utf8'[0m
  [4;35;1mSQL (0.2ms)[0m   [0mSET SQL_AUTO_IS_NULL=0[0m


Processing UserController#login (for 127.0.0.1 at 2012-06-03 17:31:55) [GET]
Rendering user/login
ERROR: compiling _run_rhtml_app47views47user47login46rhtml RAISED compile error
/home/mario/workspace/lqadmin/app/views/user/login.rhtml:3: syntax error, unexpected kEND
; @output_buffer.concat(( end).to_s); @output_buffer.concat "\n"
                             ^
Function body:           def _run_rhtml_app47views47user47login46rhtml(local_assigns)
            old_output_buffer = output_buffer;;@output_buffer = '';  __in_erb_template=true ; @output_buffer.concat(( form_tag ).to_s); @output_buffer.concat "\n\n"

; @output_buffer.concat(( end).to_s); @output_buffer.concat "\n"
; @output_buffer
          ensure
            self.output_buffer = old_output_buffer
          end
Backtrace: /home/mario/workspace/lqadmin/app/views/user/login.rhtml:7:in `compile!'
/usr/lib/ruby/1.8/action_view/renderable.rb:61:in `compile'
/usr/lib/ruby/1.8/action_view/renderable.rb:28:in `render'
/usr/lib/ruby/1.8/action_view/template.rb:205:in `render_template'
/usr/lib/ruby/1.8/action_view/base.rb:265:in `render'
/usr/lib/ruby/1.8/action_controller/base.rb:1250:in `render_for_file'
/usr/lib/ruby/1.8/action_controller/base.rb:945:in `render_without_benchmark'
/usr/lib/ruby/1.8/action_controller/benchmarking.rb:51:in `render'
/usr/lib/ruby/1.8/active_support/core_ext/benchmark.rb:17:in `ms'
/usr/lib/ruby/1.8/benchmark.rb:308:in `realtime'
/usr/lib/ruby/1.8/active_support/core_ext/benchmark.rb:17:in `ms'
/usr/lib/ruby/1.8/action_controller/benchmarking.rb:51:in `render'
/usr/lib/ruby/1.8/action_controller/base.rb:1326:in `default_render'
/usr/lib/ruby/1.8/action_controller/base.rb:1332:in `perform_action_without_filters'
/usr/lib/ruby/1.8/action_controller/filters.rb:617:in `call_filters'
/usr/lib/ruby/1.8/action_controller/filters.rb:610:in `perform_action_without_benchmark'
/usr/lib/ruby/1.8/action_controller/benchmarking.rb:68:in `perform_action_without_rescue'
/usr/lib/ruby/1.8/active_support/core_ext/benchmark.rb:17:in `ms'
/usr/lib/ruby/1.8/benchmark.rb:308:in `realtime'
/usr/lib/ruby/1.8/active_support/core_ext/benchmark.rb:17:in `ms'
/usr/lib/ruby/1.8/action_controller/benchmarking.rb:68:in `perform_action_without_rescue'
/usr/lib/ruby/1.8/action_controller/rescue.rb:160:in `perform_action_without_flash'
/usr/lib/ruby/1.8/action_controller/flash.rb:146:in `perform_action'
/usr/lib/ruby/1.8/action_controller/base.rb:532:in `send'
/usr/lib/ruby/1.8/action_controller/base.rb:532:in `process_without_filters'
/usr/lib/ruby/1.8/action_controller/filters.rb:606:in `process'
/usr/lib/ruby/1.8/action_controller/base.rb:391:in `process'
/usr/lib/ruby/1.8/action_controller/base.rb:386:in `call'
/usr/lib/ruby/1.8/action_controller/routing/route_set.rb:437:in `call'
/usr/lib/ruby/1.8/action_controller/dispatcher.rb:87:in `dispatch'
/usr/lib/ruby/1.8/action_controller/dispatcher.rb:121:in `_call'
/usr/lib/ruby/1.8/action_controller/dispatcher.rb:130:in `build_middleware_stack'
/usr/lib/ruby/1.8/active_record/query_cache.rb:29:in `call'
/usr/lib/ruby/1.8/active_record/query_cache.rb:29:in `call'
/usr/lib/ruby/1.8/active_record/connection_adapters/abstract/query_cache.rb:34:in `cache'
/usr/lib/ruby/1.8/active_record/query_cache.rb:9:in `cache'
/usr/lib/ruby/1.8/active_record/query_cache.rb:28:in `call'
/usr/lib/ruby/1.8/active_record/connection_adapters/abstract/connection_pool.rb:361:in `call'
/usr/lib/ruby/1.8/action_controller/string_coercion.rb:25:in `call'
/usr/lib/ruby/1.8/rack/head.rb:9:in `call'
/usr/lib/ruby/1.8/rack/methodoverride.rb:24:in `call'
/usr/lib/ruby/1.8/action_controller/params_parser.rb:15:in `call'
/usr/lib/ruby/1.8/action_controller/session/cookie_store.rb:93:in `call'
/usr/lib/ruby/1.8/action_controller/failsafe.rb:26:in `call'
/usr/lib/ruby/1.8/rack/lock.rb:11:in `call'
/usr/lib/ruby/1.8/rack/lock.rb:11:in `synchronize'
/usr/lib/ruby/1.8/rack/lock.rb:11:in `call'
/usr/lib/ruby/1.8/action_controller/dispatcher.rb:114:in `call'
/usr/lib/ruby/1.8/action_controller/reloader.rb:34:in `run'
/usr/lib/ruby/1.8/action_controller/dispatcher.rb:108:in `call'
/home/mario/workspace/lqadmin/vendor/rails/railties/lib/rails/rack/static.rb:31:in `call'
/usr/lib/ruby/1.8/rack/urlmap.rb:47:in `call'
/usr/lib/ruby/1.8/rack/urlmap.rb:41:in `each'
/usr/lib/ruby/1.8/rack/urlmap.rb:41:in `call'
/home/mario/workspace/lqadmin/vendor/rails/railties/lib/rails/rack/log_tailer.rb:17:in `call'
/usr/lib/ruby/1.8/rack/content_length.rb:13:in `call'
/usr/lib/ruby/1.8/rack/handler/webrick.rb:48:in `service'
/usr/lib/ruby/1.8/webrick/httpserver.rb:104:in `service'
/usr/lib/ruby/1.8/webrick/httpserver.rb:65:in `run'
/usr/lib/ruby/1.8/webrick/server.rb:173:in `start_thread'
/usr/lib/ruby/1.8/webrick/server.rb:162:in `start'
/usr/lib/ruby/1.8/webrick/server.rb:162:in `start_thread'
/usr/lib/ruby/1.8/webrick/server.rb:95:in `start'
/usr/lib/ruby/1.8/webrick/server.rb:92:in `each'
/usr/lib/ruby/1.8/webrick/server.rb:92:in `start'
/usr/lib/ruby/1.8/webrick/server.rb:23:in `start'
/usr/lib/ruby/1.8/webrick/server.rb:82:in `start'
/usr/lib/ruby/1.8/rack/handler/webrick.rb:14:in `run'
/home/mario/workspace/lqadmin/vendor/rails/railties/lib/commands/server.rb:111
/usr/lib/ruby/1.8/rubygems/custom_require.rb:31:in `gem_original_require'
/usr/lib/ruby/1.8/rubygems/custom_require.rb:31:in `require'
script/server:3

ActionView::TemplateError (compile error
/home/mario/workspace/lqadmin/app/views/user/login.rhtml:3: syntax error, unexpected kEND
; @output_buffer.concat(( end).to_s); @output_buffer.concat "\n"
                             ^) on line #3 of app/views/user/login.rhtml:
1: <%= form_tag %>
2: 
3: <%= end%>

    app/views/user/login.rhtml:7:in `compile!'
    /usr/lib/ruby/1.8/action_view/renderable.rb:61:in `compile'
    /usr/lib/ruby/1.8/action_view/renderable.rb:28:in `render'
    /usr/lib/ruby/1.8/action_view/template.rb:205:in `render_template'
    /usr/lib/ruby/1.8/action_view/base.rb:265:in `render'
    /usr/lib/ruby/1.8/action_controller/base.rb:1250:in `render_for_file'
    /usr/lib/ruby/1.8/action_controller/base.rb:945:in `render_without_benchmark'
    /usr/lib/ruby/1.8/action_controller/benchmarking.rb:51:in `render'
    /usr/lib/ruby/1.8/action_controller/benchmarking.rb:51:in `render'
    /usr/lib/ruby/1.8/action_controller/base.rb:1326:in `default_render'
    /usr/lib/ruby/1.8/action_controller/base.rb:1332:in `perform_action_without_filters'
    /usr/lib/ruby/1.8/action_controller/filters.rb:617:in `call_filters'
    /usr/lib/ruby/1.8/action_controller/filters.rb:610:in `perform_action_without_benchmark'
    /usr/lib/ruby/1.8/action_controller/benchmarking.rb:68:in `perform_action_without_rescue'
    /usr/lib/ruby/1.8/action_controller/benchmarking.rb:68:in `perform_action_without_rescue'
    /usr/lib/ruby/1.8/action_controller/rescue.rb:160:in `perform_action_without_flash'
    /usr/lib/ruby/1.8/action_controller/flash.rb:146:in `perform_action'
    /usr/lib/ruby/1.8/action_controller/base.rb:532:in `send'
    /usr/lib/ruby/1.8/action_controller/base.rb:532:in `process_without_filters'
    /usr/lib/ruby/1.8/action_controller/filters.rb:606:in `process'
    /usr/lib/ruby/1.8/action_controller/base.rb:391:in `process'
    /usr/lib/ruby/1.8/action_controller/base.rb:386:in `call'
    /usr/lib/ruby/1.8/action_controller/routing/route_set.rb:437:in `call'
    /usr/lib/ruby/1.8/action_controller/dispatcher.rb:87:in `dispatch'
    /usr/lib/ruby/1.8/action_controller/dispatcher.rb:121:in `_call'
    /usr/lib/ruby/1.8/action_controller/dispatcher.rb:130:in `build_middleware_stack'
    /usr/lib/ruby/1.8/active_record/query_cache.rb:29:in `call'
    /usr/lib/ruby/1.8/active_record/query_cache.rb:29:in `call'
    /usr/lib/ruby/1.8/active_record/connection_adapters/abstract/query_cache.rb:34:in `cache'
    /usr/lib/ruby/1.8/active_record/query_cache.rb:9:in `cache'
    /usr/lib/ruby/1.8/active_record/query_cache.rb:28:in `call'
    /usr/lib/ruby/1.8/active_record/connection_adapters/abstract/connection_pool.rb:361:in `call'
    /usr/lib/ruby/1.8/action_controller/string_coercion.rb:25:in `call'
    /usr/lib/ruby/1.8/rack/head.rb:9:in `call'
    /usr/lib/ruby/1.8/rack/methodoverride.rb:24:in `call'
    /usr/lib/ruby/1.8/action_controller/params_parser.rb:15:in `call'
    /usr/lib/ruby/1.8/action_controller/session/cookie_store.rb:93:in `call'
    /usr/lib/ruby/1.8/action_controller/failsafe.rb:26:in `call'
    /usr/lib/ruby/1.8/rack/lock.rb:11:in `call'
    /usr/lib/ruby/1.8/rack/lock.rb:11:in `synchronize'
    /usr/lib/ruby/1.8/rack/lock.rb:11:in `call'
    /usr/lib/ruby/1.8/action_controller/dispatcher.rb:114:in `call'
    /usr/lib/ruby/1.8/action_controller/reloader.rb:34:in `run'
    /usr/lib/ruby/1.8/action_controller/dispatcher.rb:108:in `call'
    /usr/lib/ruby/1.8/rack/urlmap.rb:47:in `call'
    /usr/lib/ruby/1.8/rack/urlmap.rb:41:in `each'
    /usr/lib/ruby/1.8/rack/urlmap.rb:41:in `call'
    /usr/lib/ruby/1.8/rack/content_length.rb:13:in `call'
    /usr/lib/ruby/1.8/rack/handler/webrick.rb:48:in `service'
    /usr/lib/ruby/1.8/webrick/httpserver.rb:104:in `service'
    /usr/lib/ruby/1.8/webrick/httpserver.rb:65:in `run'
    /usr/lib/ruby/1.8/webrick/server.rb:173:in `start_thread'
    /usr/lib/ruby/1.8/webrick/server.rb:162:in `start'
    /usr/lib/ruby/1.8/webrick/server.rb:162:in `start_thread'
    /usr/lib/ruby/1.8/webrick/server.rb:95:in `start'
    /usr/lib/ruby/1.8/webrick/server.rb:92:in `each'
    /usr/lib/ruby/1.8/webrick/server.rb:92:in `start'
    /usr/lib/ruby/1.8/webrick/server.rb:23:in `start'
    /usr/lib/ruby/1.8/webrick/server.rb:82:in `start'
    /usr/lib/ruby/1.8/rack/handler/webrick.rb:14:in `run'

Rendered rescues/_trace (14.5ms)
Rendered rescues/_request_and_response (1.4ms)
Rendering rescues/layout (internal_server_error)
  [4;36;1mSQL (0.2ms)[0m   [0;1mSET NAMES 'utf8'[0m
  [4;35;1mSQL (0.1ms)[0m   [0mSET SQL_AUTO_IS_NULL=0[0m


Processing UserController#login (for 127.0.0.1 at 2012-06-03 17:34:11) [GET]
Rendering user/login
ERROR: compiling _run_rhtml_app47views47user47login46rhtml RAISED compile error
/home/mario/workspace/lqadmin/app/views/user/login.rhtml:5: syntax error, unexpected ')'
...(( password_field_tag(:pass, ) ).to_s); @output_buffer.conca...
                              ^
Function body:           def _run_rhtml_app47views47user47login46rhtml(local_assigns)
            old_output_buffer = output_buffer;;@output_buffer = '';  __in_erb_template=true ; @output_buffer.concat "<h1>Login</h1><br />\n\t\n"

;  form_tag(:method => "post") do ; @output_buffer.concat "\n\302\240\302\240eMail: "
; @output_buffer.concat(( text_field_tag(:email) ).to_s); @output_buffer.concat "\t<br />\n\302\240\302\240Passwort: "
; @output_buffer.concat(( password_field_tag(:pass, ) ).to_s); @output_buffer.concat "\t<br />\n\302\240\302\240"
; @output_buffer.concat(( submit_tag("Suchen") ).to_s); @output_buffer.concat "\n"
;  end ; @output_buffer.concat "\n"
; @output_buffer
          ensure
            self.output_buffer = old_output_buffer
          end
Backtrace: /home/mario/workspace/lqadmin/app/views/user/login.rhtml:11:in `compile!'
/usr/lib/ruby/1.8/action_view/renderable.rb:61:in `compile'
/usr/lib/ruby/1.8/action_view/renderable.rb:28:in `render'
/usr/lib/ruby/1.8/action_view/template.rb:205:in `render_template'
/usr/lib/ruby/1.8/action_view/base.rb:265:in `render'
/usr/lib/ruby/1.8/action_controller/base.rb:1250:in `render_for_file'
/usr/lib/ruby/1.8/action_controller/base.rb:945:in `render_without_benchmark'
/usr/lib/ruby/1.8/action_controller/benchmarking.rb:51:in `render'
/usr/lib/ruby/1.8/active_support/core_ext/benchmark.rb:17:in `ms'
/usr/lib/ruby/1.8/benchmark.rb:308:in `realtime'
/usr/lib/ruby/1.8/active_support/core_ext/benchmark.rb:17:in `ms'
/usr/lib/ruby/1.8/action_controller/benchmarking.rb:51:in `render'
/usr/lib/ruby/1.8/action_controller/base.rb:1326:in `default_render'
/usr/lib/ruby/1.8/action_controller/base.rb:1332:in `perform_action_without_filters'
/usr/lib/ruby/1.8/action_controller/filters.rb:617:in `call_filters'
/usr/lib/ruby/1.8/action_controller/filters.rb:610:in `perform_action_without_benchmark'
/usr/lib/ruby/1.8/action_controller/benchmarking.rb:68:in `perform_action_without_rescue'
/usr/lib/ruby/1.8/active_support/core_ext/benchmark.rb:17:in `ms'
/usr/lib/ruby/1.8/benchmark.rb:308:in `realtime'
/usr/lib/ruby/1.8/active_support/core_ext/benchmark.rb:17:in `ms'
/usr/lib/ruby/1.8/action_controller/benchmarking.rb:68:in `perform_action_without_rescue'
/usr/lib/ruby/1.8/action_controller/rescue.rb:160:in `perform_action_without_flash'
/usr/lib/ruby/1.8/action_controller/flash.rb:146:in `perform_action'
/usr/lib/ruby/1.8/action_controller/base.rb:532:in `send'
/usr/lib/ruby/1.8/action_controller/base.rb:532:in `process_without_filters'
/usr/lib/ruby/1.8/action_controller/filters.rb:606:in `process'
/usr/lib/ruby/1.8/action_controller/base.rb:391:in `process'
/usr/lib/ruby/1.8/action_controller/base.rb:386:in `call'
/usr/lib/ruby/1.8/action_controller/routing/route_set.rb:437:in `call'
/usr/lib/ruby/1.8/action_controller/dispatcher.rb:87:in `dispatch'
/usr/lib/ruby/1.8/action_controller/dispatcher.rb:121:in `_call'
/usr/lib/ruby/1.8/action_controller/dispatcher.rb:130:in `build_middleware_stack'
/usr/lib/ruby/1.8/active_record/query_cache.rb:29:in `call'
/usr/lib/ruby/1.8/active_record/query_cache.rb:29:in `call'
/usr/lib/ruby/1.8/active_record/connection_adapters/abstract/query_cache.rb:34:in `cache'
/usr/lib/ruby/1.8/active_record/query_cache.rb:9:in `cache'
/usr/lib/ruby/1.8/active_record/query_cache.rb:28:in `call'
/usr/lib/ruby/1.8/active_record/connection_adapters/abstract/connection_pool.rb:361:in `call'
/usr/lib/ruby/1.8/action_controller/string_coercion.rb:25:in `call'
/usr/lib/ruby/1.8/rack/head.rb:9:in `call'
/usr/lib/ruby/1.8/rack/methodoverride.rb:24:in `call'
/usr/lib/ruby/1.8/action_controller/params_parser.rb:15:in `call'
/usr/lib/ruby/1.8/action_controller/session/cookie_store.rb:93:in `call'
/usr/lib/ruby/1.8/action_controller/failsafe.rb:26:in `call'
/usr/lib/ruby/1.8/rack/lock.rb:11:in `call'
/usr/lib/ruby/1.8/rack/lock.rb:11:in `synchronize'
/usr/lib/ruby/1.8/rack/lock.rb:11:in `call'
/usr/lib/ruby/1.8/action_controller/dispatcher.rb:114:in `call'
/usr/lib/ruby/1.8/action_controller/reloader.rb:34:in `run'
/usr/lib/ruby/1.8/action_controller/dispatcher.rb:108:in `call'
/home/mario/workspace/lqadmin/vendor/rails/railties/lib/rails/rack/static.rb:31:in `call'
/usr/lib/ruby/1.8/rack/urlmap.rb:47:in `call'
/usr/lib/ruby/1.8/rack/urlmap.rb:41:in `each'
/usr/lib/ruby/1.8/rack/urlmap.rb:41:in `call'
/home/mario/workspace/lqadmin/vendor/rails/railties/lib/rails/rack/log_tailer.rb:17:in `call'
/usr/lib/ruby/1.8/rack/content_length.rb:13:in `call'
/usr/lib/ruby/1.8/rack/handler/webrick.rb:48:in `service'
/usr/lib/ruby/1.8/webrick/httpserver.rb:104:in `service'
/usr/lib/ruby/1.8/webrick/httpserver.rb:65:in `run'
/usr/lib/ruby/1.8/webrick/server.rb:173:in `start_thread'
/usr/lib/ruby/1.8/webrick/server.rb:162:in `start'
/usr/lib/ruby/1.8/webrick/server.rb:162:in `start_thread'
/usr/lib/ruby/1.8/webrick/server.rb:95:in `start'
/usr/lib/ruby/1.8/webrick/server.rb:92:in `each'
/usr/lib/ruby/1.8/webrick/server.rb:92:in `start'
/usr/lib/ruby/1.8/webrick/server.rb:23:in `start'
/usr/lib/ruby/1.8/webrick/server.rb:82:in `start'
/usr/lib/ruby/1.8/rack/handler/webrick.rb:14:in `run'
/home/mario/workspace/lqadmin/vendor/rails/railties/lib/commands/server.rb:111
/usr/lib/ruby/1.8/rubygems/custom_require.rb:31:in `gem_original_require'
/usr/lib/ruby/1.8/rubygems/custom_require.rb:31:in `require'
script/server:3

ActionView::TemplateError (compile error
/home/mario/workspace/lqadmin/app/views/user/login.rhtml:5: syntax error, unexpected ')'
...(( password_field_tag(:pass, ) ).to_s); @output_buffer.conca...
                              ^) on line #5 of app/views/user/login.rhtml:
2: 	
3: <% form_tag(:method => "post") do %>
4:   eMail: <%= text_field_tag(:email) %>	<br />
5:   Passwort: <%= password_field_tag(:pass, ) %>	<br />
6:   <%= submit_tag("Suchen") %>
7: <% end %>

    app/views/user/login.rhtml:11:in `compile!'
    /usr/lib/ruby/1.8/action_view/renderable.rb:61:in `compile'
    /usr/lib/ruby/1.8/action_view/renderable.rb:28:in `render'
    /usr/lib/ruby/1.8/action_view/template.rb:205:in `render_template'
    /usr/lib/ruby/1.8/action_view/base.rb:265:in `render'
    /usr/lib/ruby/1.8/action_controller/base.rb:1250:in `render_for_file'
    /usr/lib/ruby/1.8/action_controller/base.rb:945:in `render_without_benchmark'
    /usr/lib/ruby/1.8/action_controller/benchmarking.rb:51:in `render'
    /usr/lib/ruby/1.8/action_controller/benchmarking.rb:51:in `render'
    /usr/lib/ruby/1.8/action_controller/base.rb:1326:in `default_render'
    /usr/lib/ruby/1.8/action_controller/base.rb:1332:in `perform_action_without_filters'
    /usr/lib/ruby/1.8/action_controller/filters.rb:617:in `call_filters'
    /usr/lib/ruby/1.8/action_controller/filters.rb:610:in `perform_action_without_benchmark'
    /usr/lib/ruby/1.8/action_controller/benchmarking.rb:68:in `perform_action_without_rescue'
    /usr/lib/ruby/1.8/action_controller/benchmarking.rb:68:in `perform_action_without_rescue'
    /usr/lib/ruby/1.8/action_controller/rescue.rb:160:in `perform_action_without_flash'
    /usr/lib/ruby/1.8/action_controller/flash.rb:146:in `perform_action'
    /usr/lib/ruby/1.8/action_controller/base.rb:532:in `send'
    /usr/lib/ruby/1.8/action_controller/base.rb:532:in `process_without_filters'
    /usr/lib/ruby/1.8/action_controller/filters.rb:606:in `process'
    /usr/lib/ruby/1.8/action_controller/base.rb:391:in `process'
    /usr/lib/ruby/1.8/action_controller/base.rb:386:in `call'
    /usr/lib/ruby/1.8/action_controller/routing/route_set.rb:437:in `call'
    /usr/lib/ruby/1.8/action_controller/dispatcher.rb:87:in `dispatch'
    /usr/lib/ruby/1.8/action_controller/dispatcher.rb:121:in `_call'
    /usr/lib/ruby/1.8/action_controller/dispatcher.rb:130:in `build_middleware_stack'
    /usr/lib/ruby/1.8/active_record/query_cache.rb:29:in `call'
    /usr/lib/ruby/1.8/active_record/query_cache.rb:29:in `call'
    /usr/lib/ruby/1.8/active_record/connection_adapters/abstract/query_cache.rb:34:in `cache'
    /usr/lib/ruby/1.8/active_record/query_cache.rb:9:in `cache'
    /usr/lib/ruby/1.8/active_record/query_cache.rb:28:in `call'
    /usr/lib/ruby/1.8/active_record/connection_adapters/abstract/connection_pool.rb:361:in `call'
    /usr/lib/ruby/1.8/action_controller/string_coercion.rb:25:in `call'
    /usr/lib/ruby/1.8/rack/head.rb:9:in `call'
    /usr/lib/ruby/1.8/rack/methodoverride.rb:24:in `call'
    /usr/lib/ruby/1.8/action_controller/params_parser.rb:15:in `call'
    /usr/lib/ruby/1.8/action_controller/session/cookie_store.rb:93:in `call'
    /usr/lib/ruby/1.8/action_controller/failsafe.rb:26:in `call'
    /usr/lib/ruby/1.8/rack/lock.rb:11:in `call'
    /usr/lib/ruby/1.8/rack/lock.rb:11:in `synchronize'
    /usr/lib/ruby/1.8/rack/lock.rb:11:in `call'
    /usr/lib/ruby/1.8/action_controller/dispatcher.rb:114:in `call'
    /usr/lib/ruby/1.8/action_controller/reloader.rb:34:in `run'
    /usr/lib/ruby/1.8/action_controller/dispatcher.rb:108:in `call'
    /usr/lib/ruby/1.8/rack/urlmap.rb:47:in `call'
    /usr/lib/ruby/1.8/rack/urlmap.rb:41:in `each'
    /usr/lib/ruby/1.8/rack/urlmap.rb:41:in `call'
    /usr/lib/ruby/1.8/rack/content_length.rb:13:in `call'
    /usr/lib/ruby/1.8/rack/handler/webrick.rb:48:in `service'
    /usr/lib/ruby/1.8/webrick/httpserver.rb:104:in `service'
    /usr/lib/ruby/1.8/webrick/httpserver.rb:65:in `run'
    /usr/lib/ruby/1.8/webrick/server.rb:173:in `start_thread'
    /usr/lib/ruby/1.8/webrick/server.rb:162:in `start'
    /usr/lib/ruby/1.8/webrick/server.rb:162:in `start_thread'
    /usr/lib/ruby/1.8/webrick/server.rb:95:in `start'
    /usr/lib/ruby/1.8/webrick/server.rb:92:in `each'
    /usr/lib/ruby/1.8/webrick/server.rb:92:in `start'
    /usr/lib/ruby/1.8/webrick/server.rb:23:in `start'
    /usr/lib/ruby/1.8/webrick/server.rb:82:in `start'
    /usr/lib/ruby/1.8/rack/handler/webrick.rb:14:in `run'

Rendered rescues/_trace (15.1ms)
Rendered rescues/_request_and_response (0.3ms)
Rendering rescues/layout (internal_server_error)
  [4;36;1mSQL (0.4ms)[0m   [0;1mSET NAMES 'utf8'[0m
  [4;35;1mSQL (0.1ms)[0m   [0mSET SQL_AUTO_IS_NULL=0[0m


Processing UserController#login (for 127.0.0.1 at 2012-06-03 17:34:20) [GET]
Rendering user/login
Completed in 15ms (View: 14, DB: 0) | 200 OK [http://127.0.0.1/user/login]
  [4;36;1mSQL (0.1ms)[0m   [0;1mSET NAMES 'utf8'[0m
  [4;35;1mSQL (0.1ms)[0m   [0mSET SQL_AUTO_IS_NULL=0[0m


Processing UserController#login (for 127.0.0.1 at 2012-06-03 17:34:31) [POST]
  Parameters: {"commit"=>"Suchen", "method"=>"post", "authenticity_token"=>"V/MNeqiKJvo6bAo00rIfTjynm6104TF44VSpQ4wTecI=", "pass"=>"Test", "email"=>"mario9000@online.de"}
  [4;36;1mUser Columns (1.0ms)[0m   [0;1mSHOW FIELDS FROM `users`[0m
  [4;35;1mUser Load (0.6ms)[0m   [0mSELECT * FROM `users` WHERE (`users`.`pass` = '0cbc6611f5540bd0809a388dc95a615b' AND `users`.`email` = 'mario9000@online.de') LIMIT 1[0m

NoMethodError (undefined method `nil' for nil:NilClass):
  /usr/lib/ruby/1.8/active_support/whiny_nil.rb:52:in `method_missing'
  app/controllers/user_controller.rb:5:in `login'
  /usr/lib/ruby/1.8/action_controller/base.rb:1331:in `send'
  /usr/lib/ruby/1.8/action_controller/base.rb:1331:in `perform_action_without_filters'
  /usr/lib/ruby/1.8/action_controller/filters.rb:617:in `call_filters'
  /usr/lib/ruby/1.8/action_controller/filters.rb:610:in `perform_action_without_benchmark'
  /usr/lib/ruby/1.8/action_controller/benchmarking.rb:68:in `perform_action_without_rescue'
  /usr/lib/ruby/1.8/action_controller/benchmarking.rb:68:in `perform_action_without_rescue'
  /usr/lib/ruby/1.8/action_controller/rescue.rb:160:in `perform_action_without_flash'
  /usr/lib/ruby/1.8/action_controller/flash.rb:146:in `perform_action'
  /usr/lib/ruby/1.8/action_controller/base.rb:532:in `send'
  /usr/lib/ruby/1.8/action_controller/base.rb:532:in `process_without_filters'
  /usr/lib/ruby/1.8/action_controller/filters.rb:606:in `process'
  /usr/lib/ruby/1.8/action_controller/base.rb:391:in `process'
  /usr/lib/ruby/1.8/action_controller/base.rb:386:in `call'
  /usr/lib/ruby/1.8/action_controller/routing/route_set.rb:437:in `call'
  /usr/lib/ruby/1.8/action_controller/dispatcher.rb:87:in `dispatch'
  /usr/lib/ruby/1.8/action_controller/dispatcher.rb:121:in `_call'
  /usr/lib/ruby/1.8/action_controller/dispatcher.rb:130:in `build_middleware_stack'
  /usr/lib/ruby/1.8/active_record/query_cache.rb:29:in `call'
  /usr/lib/ruby/1.8/active_record/query_cache.rb:29:in `call'
  /usr/lib/ruby/1.8/active_record/connection_adapters/abstract/query_cache.rb:34:in `cache'
  /usr/lib/ruby/1.8/active_record/query_cache.rb:9:in `cache'
  /usr/lib/ruby/1.8/active_record/query_cache.rb:28:in `call'
  /usr/lib/ruby/1.8/active_record/connection_adapters/abstract/connection_pool.rb:361:in `call'
  /usr/lib/ruby/1.8/action_controller/string_coercion.rb:25:in `call'
  /usr/lib/ruby/1.8/rack/head.rb:9:in `call'
  /usr/lib/ruby/1.8/rack/methodoverride.rb:24:in `call'
  /usr/lib/ruby/1.8/action_controller/params_parser.rb:15:in `call'
  /usr/lib/ruby/1.8/action_controller/session/cookie_store.rb:93:in `call'
  /usr/lib/ruby/1.8/action_controller/failsafe.rb:26:in `call'
  /usr/lib/ruby/1.8/rack/lock.rb:11:in `call'
  /usr/lib/ruby/1.8/rack/lock.rb:11:in `synchronize'
  /usr/lib/ruby/1.8/rack/lock.rb:11:in `call'
  /usr/lib/ruby/1.8/action_controller/dispatcher.rb:114:in `call'
  /usr/lib/ruby/1.8/action_controller/reloader.rb:34:in `run'
  /usr/lib/ruby/1.8/action_controller/dispatcher.rb:108:in `call'
  /usr/lib/ruby/1.8/rack/urlmap.rb:47:in `call'
  /usr/lib/ruby/1.8/rack/urlmap.rb:41:in `each'
  /usr/lib/ruby/1.8/rack/urlmap.rb:41:in `call'
  /usr/lib/ruby/1.8/rack/content_length.rb:13:in `call'
  /usr/lib/ruby/1.8/rack/handler/webrick.rb:48:in `service'
  /usr/lib/ruby/1.8/webrick/httpserver.rb:104:in `service'
  /usr/lib/ruby/1.8/webrick/httpserver.rb:65:in `run'
  /usr/lib/ruby/1.8/webrick/server.rb:173:in `start_thread'
  /usr/lib/ruby/1.8/webrick/server.rb:162:in `start'
  /usr/lib/ruby/1.8/webrick/server.rb:162:in `start_thread'
  /usr/lib/ruby/1.8/webrick/server.rb:95:in `start'
  /usr/lib/ruby/1.8/webrick/server.rb:92:in `each'
  /usr/lib/ruby/1.8/webrick/server.rb:92:in `start'
  /usr/lib/ruby/1.8/webrick/server.rb:23:in `start'
  /usr/lib/ruby/1.8/webrick/server.rb:82:in `start'
  /usr/lib/ruby/1.8/rack/handler/webrick.rb:14:in `run'

Rendered rescues/_trace (13.4ms)
Rendered rescues/_request_and_response (0.4ms)
Rendering rescues/layout (internal_server_error)
  [4;36;1mSQL (0.1ms)[0m   [0;1mSET NAMES 'utf8'[0m
  [4;35;1mSQL (0.2ms)[0m   [0mSET SQL_AUTO_IS_NULL=0[0m


Processing UserController#login (for 127.0.0.1 at 2012-06-03 17:35:12) [POST]
  Parameters: {"commit"=>"Suchen", "method"=>"post", "authenticity_token"=>"V/MNeqiKJvo6bAo00rIfTjynm6104TF44VSpQ4wTecI=", "pass"=>"Test", "email"=>"mario9000@online.de"}
  [4;36;1mUser Columns (0.8ms)[0m   [0;1mSHOW FIELDS FROM `users`[0m
  [4;35;1mUser Load (0.4ms)[0m   [0mSELECT * FROM `users` WHERE (`users`.`pass` = '0cbc6611f5540bd0809a388dc95a615b' AND `users`.`email` = 'mario9000@online.de') LIMIT 1[0m
Rendering user/login
Completed in 7ms (View: 1, DB: 1) | 200 OK [http://127.0.0.1/user/login?method=post]
  [4;36;1mSQL (2.2ms)[0m   [0;1mSET NAMES 'utf8'[0m
  [4;35;1mSQL (0.2ms)[0m   [0mSET SQL_AUTO_IS_NULL=0[0m


Processing UserController#login (for 127.0.0.1 at 2012-06-03 17:35:23) [POST]
  Parameters: {"commit"=>"Suchen", "method"=>"post", "authenticity_token"=>"V/MNeqiKJvo6bAo00rIfTjynm6104TF44VSpQ4wTecI=", "pass"=>"Test", "email"=>"mario9000@online.de"}
  [4;36;1mUser Columns (1.4ms)[0m   [0;1mSHOW FIELDS FROM `users`[0m
  [4;35;1mUser Load (0.5ms)[0m   [0mSELECT * FROM `users` WHERE (`users`.`pass` = '0cbc6611f5540bd0809a388dc95a615b' AND `users`.`email` = 'mario9000@online.de') LIMIT 1[0m
Rendering user/login
Completed in 8ms (View: 1, DB: 4) | 200 OK [http://127.0.0.1/user/login?method=post]
  [4;36;1mSQL (0.2ms)[0m   [0;1mSET NAMES 'utf8'[0m
  [4;35;1mSQL (0.2ms)[0m   [0mSET SQL_AUTO_IS_NULL=0[0m
  [4;36;1mUser Load (0.4ms)[0m   [0;1mSELECT * FROM `users` LIMIT 1[0m
  [4;35;1mUser Columns (0.6ms)[0m   [0mSHOW FIELDS FROM `users`[0m
  [4;36;1mSQL (0.4ms)[0m   [0;1mBEGIN[0m
  [4;35;1mUser Update (0.6ms)[0m   [0mUPDATE `users` SET `updated_at` = '2012-06-03 15:36:52', `pass` = 'cad7373147b78bd37674848e99965699' WHERE `id` = 1[0m
  [4;36;1mSQL (1.3ms)[0m   [0;1mCOMMIT[0m
  [4;36;1mSQL (0.2ms)[0m   [0;1mSET NAMES 'utf8'[0m
  [4;35;1mSQL (0.2ms)[0m   [0mSET SQL_AUTO_IS_NULL=0[0m


Processing UserController#login (for 127.0.0.1 at 2012-06-03 17:37:14) [POST]
  Parameters: {"commit"=>"Suchen", "method"=>"post", "authenticity_token"=>"V/MNeqiKJvo6bAo00rIfTjynm6104TF44VSpQ4wTecI=", "pass"=>"Pass001", "email"=>"mario9000@online.de"}
  [4;36;1mUser Columns (0.9ms)[0m   [0;1mSHOW FIELDS FROM `users`[0m
  [4;35;1mUser Load (0.8ms)[0m   [0mSELECT * FROM `users` WHERE (`users`.`pass` = 'cad7373147b78bd37674848e99965699' AND `users`.`email` = 'mario9000@online.de') LIMIT 1[0m
Rendering user/login
Completed in 8ms (View: 2, DB: 2) | 200 OK [http://127.0.0.1/user/login?method=post]
  [4;36;1mSQL (0.2ms)[0m   [0;1mSET NAMES 'utf8'[0m
  [4;35;1mSQL (0.1ms)[0m   [0mSET SQL_AUTO_IS_NULL=0[0m


Processing UserController#login (for 127.0.0.1 at 2012-06-03 17:37:33) [POST]
  Parameters: {"commit"=>"Suchen", "method"=>"post", "authenticity_token"=>"V/MNeqiKJvo6bAo00rIfTjynm6104TF44VSpQ4wTecI=", "pass"=>"^sdf", "email"=>"asdasd"}
  [4;36;1mUser Columns (0.7ms)[0m   [0;1mSHOW FIELDS FROM `users`[0m
  [4;35;1mUser Load (0.5ms)[0m   [0mSELECT * FROM `users` WHERE (`users`.`pass` = '4d4efde7f7cc9112d51a9df4405622ba' AND `users`.`email` = 'asdasd') LIMIT 1[0m
Rendering user/login
Completed in 8ms (View: 2, DB: 2) | 200 OK [http://127.0.0.1/user/login?method=post]
  [4;36;1mSQL (0.1ms)[0m   [0;1mSET NAMES 'utf8'[0m
  [4;35;1mSQL (0.1ms)[0m   [0mSET SQL_AUTO_IS_NULL=0[0m


Processing UserController#login (for 127.0.0.1 at 2012-06-03 17:38:46) [POST]
  Parameters: {"commit"=>"Suchen", "method"=>"post", "authenticity_token"=>"V/MNeqiKJvo6bAo00rIfTjynm6104TF44VSpQ4wTecI=", "pass"=>"Pass001", "email"=>"mario9000@online.de"}
  [4;36;1mUser Columns (0.7ms)[0m   [0;1mSHOW FIELDS FROM `users`[0m
  [4;35;1mUser Load (0.3ms)[0m   [0mSELECT * FROM `users` WHERE (`users`.`pass` = 'cad7373147b78bd37674848e99965699' AND `users`.`email` = 'mario9000@online.de') LIMIT 1[0m
Redirected to http://127.0.0.1:3000/user/login?aktion=index&controler=home
Completed in 7ms (DB: 1) | 302 Found [http://127.0.0.1/user/login?method=post]
  [4;36;1mSQL (0.5ms)[0m   [0;1mSET NAMES 'utf8'[0m
  [4;35;1mSQL (0.7ms)[0m   [0mSET SQL_AUTO_IS_NULL=0[0m


Processing UserController#login (for 127.0.0.1 at 2012-06-03 17:38:46) [GET]
  Parameters: {"aktion"=>"index", "controler"=>"home"}
Rendering user/login
Completed in 3ms (View: 2, DB: 1) | 200 OK [http://127.0.0.1/user/login?aktion=index&controler=home]
  [4;36;1mSQL (0.2ms)[0m   [0;1mSET NAMES 'utf8'[0m
  [4;35;1mSQL (0.1ms)[0m   [0mSET SQL_AUTO_IS_NULL=0[0m


Processing UserController#login (for 127.0.0.1 at 2012-06-03 17:39:20) [POST]
  Parameters: {"commit"=>"Suchen", "method"=>"post", "authenticity_token"=>"V/MNeqiKJvo6bAo00rIfTjynm6104TF44VSpQ4wTecI=", "pass"=>"Pass001", "email"=>"mario9000@online.de"}
  [4;36;1mUser Columns (0.7ms)[0m   [0;1mSHOW FIELDS FROM `users`[0m
  [4;35;1mUser Load (0.4ms)[0m   [0mSELECT * FROM `users` WHERE (`users`.`pass` = 'cad7373147b78bd37674848e99965699' AND `users`.`email` = 'mario9000@online.de') LIMIT 1[0m
Redirected to http://127.0.0.1:3000/home?aktion=index
Completed in 7ms (DB: 1) | 302 Found [http://127.0.0.1/user/login?method=post]
  [4;36;1mSQL (0.5ms)[0m   [0;1mSET NAMES 'utf8'[0m
  [4;35;1mSQL (0.3ms)[0m   [0mSET SQL_AUTO_IS_NULL=0[0m


Processing ApplicationController#index (for 127.0.0.1 at 2012-06-03 17:39:20) [GET]
  Parameters: {"aktion"=>"index"}

ActionController::RoutingError (No route matches "/home" with {:method=>:get}):
  /usr/lib/ruby/1.8/action_controller/routing/recognition_optimisation.rb:66:in `recognize_path'
  /usr/lib/ruby/1.8/action_controller/routing/route_set.rb:441:in `recognize'
  /usr/lib/ruby/1.8/action_controller/routing/route_set.rb:436:in `call'
  /usr/lib/ruby/1.8/action_controller/dispatcher.rb:87:in `dispatch'
  /usr/lib/ruby/1.8/action_controller/dispatcher.rb:121:in `_call'
  /usr/lib/ruby/1.8/action_controller/dispatcher.rb:130:in `build_middleware_stack'
  /usr/lib/ruby/1.8/active_record/query_cache.rb:29:in `call'
  /usr/lib/ruby/1.8/active_record/query_cache.rb:29:in `call'
  /usr/lib/ruby/1.8/active_record/connection_adapters/abstract/query_cache.rb:34:in `cache'
  /usr/lib/ruby/1.8/active_record/query_cache.rb:9:in `cache'
  /usr/lib/ruby/1.8/active_record/query_cache.rb:28:in `call'
  /usr/lib/ruby/1.8/active_record/connection_adapters/abstract/connection_pool.rb:361:in `call'
  /usr/lib/ruby/1.8/action_controller/string_coercion.rb:25:in `call'
  /usr/lib/ruby/1.8/rack/head.rb:9:in `call'
  /usr/lib/ruby/1.8/rack/methodoverride.rb:24:in `call'
  /usr/lib/ruby/1.8/action_controller/params_parser.rb:15:in `call'
  /usr/lib/ruby/1.8/action_controller/session/cookie_store.rb:93:in `call'
  /usr/lib/ruby/1.8/action_controller/failsafe.rb:26:in `call'
  /usr/lib/ruby/1.8/rack/lock.rb:11:in `call'
  /usr/lib/ruby/1.8/rack/lock.rb:11:in `synchronize'
  /usr/lib/ruby/1.8/rack/lock.rb:11:in `call'
  /usr/lib/ruby/1.8/action_controller/dispatcher.rb:114:in `call'
  /usr/lib/ruby/1.8/action_controller/reloader.rb:34:in `run'
  /usr/lib/ruby/1.8/action_controller/dispatcher.rb:108:in `call'
  /usr/lib/ruby/1.8/rack/urlmap.rb:47:in `call'
  /usr/lib/ruby/1.8/rack/urlmap.rb:41:in `each'
  /usr/lib/ruby/1.8/rack/urlmap.rb:41:in `call'
  /usr/lib/ruby/1.8/rack/content_length.rb:13:in `call'
  /usr/lib/ruby/1.8/rack/handler/webrick.rb:48:in `service'
  /usr/lib/ruby/1.8/webrick/httpserver.rb:104:in `service'
  /usr/lib/ruby/1.8/webrick/httpserver.rb:65:in `run'
  /usr/lib/ruby/1.8/webrick/server.rb:173:in `start_thread'
  /usr/lib/ruby/1.8/webrick/server.rb:162:in `start'
  /usr/lib/ruby/1.8/webrick/server.rb:162:in `start_thread'
  /usr/lib/ruby/1.8/webrick/server.rb:95:in `start'
  /usr/lib/ruby/1.8/webrick/server.rb:92:in `each'
  /usr/lib/ruby/1.8/webrick/server.rb:92:in `start'
  /usr/lib/ruby/1.8/webrick/server.rb:23:in `start'
  /usr/lib/ruby/1.8/webrick/server.rb:82:in `start'
  /usr/lib/ruby/1.8/rack/handler/webrick.rb:14:in `run'

Rendering rescues/layout (not_found)
  [4;36;1mSQL (0.2ms)[0m   [0;1mSET NAMES 'utf8'[0m
  [4;35;1mSQL (0.2ms)[0m   [0mSET SQL_AUTO_IS_NULL=0[0m
  [4;36;1mSQL (0.4ms)[0m   [0;1mSHOW TABLES[0m
  [4;35;1mSQL (0.4ms)[0m   [0mSELECT version FROM schema_migrations[0m
Migrating to CreateUsers (20120603145047)
Migrating to CreateInstants (20120603154218)
  [4;36;1mSQL (3.5ms)[0m   [0;1mCREATE TABLE `instants` (`id` int(11) DEFAULT NULL auto_increment PRIMARY KEY, `dbname` varchar(255), `title` varchar(255), `description` varchar(255), `notes` varchar(255), `version` int(11), `created_at` datetime, `updated_at` datetime) ENGINE=InnoDB[0m
  [4;35;1mSQL (40.6ms)[0m   [0mINSERT INTO schema_migrations (version) VALUES ('20120603154218')[0m
Migrating to CreatePermissions (20120603154240)
  [4;36;1mSQL (3.1ms)[0m   [0;1mCREATE TABLE `permissions` (`id` int(11) DEFAULT NULL auto_increment PRIMARY KEY, `user_id` int(11), `instance_id` int(11), `search_fulltext_yesno` tinyint(1), `search_fulltext_username` tinyint(1), `search_fulltext_userid` tinyint(1), `search_fulltext_fulldetails` tinyint(1), `check_invite_status` tinyint(1), `check_invite_username` tinyint(1), `check_invite_userid` tinyint(1), `invitecode_sendusermail` tinyint(1), `username_sendfreetextemail` tinyint(1), `invitecode_disable` tinyint(1), `invitecode_create` tinyint(1), `created_at` datetime, `updated_at` datetime) ENGINE=InnoDB[0m
  [4;35;1mSQL (4.9ms)[0m   [0mINSERT INTO schema_migrations (version) VALUES ('20120603154240')[0m
  [4;36;1mSQL (0.5ms)[0m   [0;1mSHOW TABLES[0m
  [4;35;1mSQL (0.4ms)[0m   [0mSELECT version FROM schema_migrations[0m
  [4;36;1mSQL (0.4ms)[0m   [0;1mSHOW TABLES[0m
  [4;35;1mSQL (0.7ms)[0m   [0mSHOW FIELDS FROM `instants`[0m
  [4;36;1mSQL (0.5ms)[0m   [0;1mdescribe `instants`[0m
  [4;35;1mSQL (0.4ms)[0m   [0mSHOW KEYS FROM `instants`[0m
  [4;36;1mSQL (0.8ms)[0m   [0;1mSHOW FIELDS FROM `permissions`[0m
  [4;35;1mSQL (0.8ms)[0m   [0mdescribe `permissions`[0m
  [4;36;1mSQL (0.4ms)[0m   [0;1mSHOW KEYS FROM `permissions`[0m
  [4;35;1mSQL (0.6ms)[0m   [0mSHOW FIELDS FROM `users`[0m
  [4;36;1mSQL (0.5ms)[0m   [0;1mdescribe `users`[0m
  [4;35;1mSQL (0.4ms)[0m   [0mSHOW KEYS FROM `users`[0m
  [4;36;1mSQL (0.2ms)[0m   [0;1mSET NAMES 'utf8'[0m
  [4;35;1mSQL (0.2ms)[0m   [0mSET SQL_AUTO_IS_NULL=0[0m
  [4;36;1mUser Load (0.4ms)[0m   [0;1mSELECT * FROM `users` LIMIT 1[0m
  [4;35;1mUser Columns (0.8ms)[0m   [0mSHOW FIELDS FROM `users`[0m
  [4;36;1mInstants Columns (1.0ms)[0m   [0;1mSHOW FIELDS FROM `instants`[0m
  [4;35;1mSQL (0.2ms)[0m   [0mSET NAMES 'utf8'[0m
  [4;36;1mSQL (0.2ms)[0m   [0;1mSET SQL_AUTO_IS_NULL=0[0m
  [4;35;1mInstants Columns (0.6ms)[0m   [0mSHOW FIELDS FROM `instants`[0m
  [4;36;1mSQL (0.2ms)[0m   [0;1mSET NAMES 'utf8'[0m
  [4;35;1mSQL (0.2ms)[0m   [0mSET SQL_AUTO_IS_NULL=0[0m
  [4;36;1mInstants Columns (0.7ms)[0m   [0;1mSHOW FIELDS FROM `instants`[0m
  [4;35;1mInstants Load (0.5ms)[0m   [0mSELECT * FROM `instants` LIMIT 1[0m
  [4;36;1mInstants Load (0.6ms)[0m   [0;1mSELECT * FROM `instants` LIMIT 1[0m
  [4;35;1mUser Load (0.2ms)[0m   [0mSELECT * FROM `users` LIMIT 1[0m
  [4;36;1mUser Columns (0.7ms)[0m   [0;1mSHOW FIELDS FROM `users`[0m
  [4;35;1mPermission Columns (1.0ms)[0m   [0mSHOW FIELDS FROM `permissions`[0m
  [4;36;1mSQL (0.4ms)[0m   [0;1mBEGIN[0m
  [4;35;1mPermission Create (0.6ms)[0m   [0mINSERT INTO `permissions` (`invitecode_disable`, `check_invite_username`, `created_at`, `search_fulltext_username`, `instance_id`, `updated_at`, `user_id`, `search_fulltext_userid`, `search_fulltext_fulldetails`, `check_invite_userid`, `invitecode_create`, `search_fulltext_yesno`, `check_invite_status`, `invitecode_sendusermail`, `username_sendfreetextemail`) VALUES(NULL, NULL, '2012-06-03 15:58:49', NULL, NULL, '2012-06-03 15:58:49', NULL, NULL, NULL, NULL, NULL, NULL, NULL, NULL, NULL)[0m
  [4;36;1mSQL (1.3ms)[0m   [0;1mCOMMIT[0m
  [4;35;1mSQL (0.3ms)[0m   [0mBEGIN[0m
  [4;36;1mPermission Create (0.4ms)[0m   [0;1mINSERT INTO `permissions` (`invitecode_disable`, `check_invite_username`, `created_at`, `search_fulltext_username`, `instance_id`, `updated_at`, `user_id`, `search_fulltext_userid`, `search_fulltext_fulldetails`, `check_invite_userid`, `invitecode_create`, `search_fulltext_yesno`, `check_invite_status`, `invitecode_sendusermail`, `username_sendfreetextemail`) VALUES(NULL, NULL, '2012-06-03 15:58:56', NULL, NULL, '2012-06-03 15:58:56', NULL, NULL, NULL, NULL, NULL, NULL, NULL, NULL, NULL)[0m
  [4;35;1mSQL (1.3ms)[0m   [0mCOMMIT[0m
  [4;36;1mSQL (0.2ms)[0m   [0;1mBEGIN[0m
  [4;35;1mSQL (0.1ms)[0m   [0mCOMMIT[0m
  [4;36;1mPermission Load (0.8ms)[0m   [0;1mSELECT * FROM `permissions` WHERE (`permissions`.user_id = 1) [0m
  [4;35;1mSQL (0.3ms)[0m   [0mBEGIN[0m
  [4;36;1mPermission Update (0.7ms)[0m   [0;1mUPDATE `permissions` SET `updated_at` = '2012-06-03 16:00:14', `user_id` = 1 WHERE `id` = 2[0m
  [4;35;1mSQL (103.0ms)[0m   [0mCOMMIT[0m
  [4;36;1mPermission Load (0.0ms)[0m   [0;1mMysql::Error: Unknown column 'permissions.instants_id' in 'where clause': SELECT * FROM `permissions` WHERE (`permissions`.instants_id = 1) [0m
  [4;35;1mPermission Load (0.0ms)[0m   [0mMysql::Error: Unknown column 'permissions.instants_id' in 'where clause': SELECT * FROM `permissions` WHERE (`permissions`.instants_id = 1) [0m
  [4;36;1mSQL (0.2ms)[0m   [0;1mSET NAMES 'utf8'[0m
  [4;35;1mSQL (0.2ms)[0m   [0mSET SQL_AUTO_IS_NULL=0[0m
  [4;36;1mPermission Load (1.3ms)[0m   [0;1mSELECT * FROM `permissions` LIMIT 1[0m
  [4;35;1mPermission Columns (0.7ms)[0m   [0mSHOW FIELDS FROM `permissions`[0m
  [4;36;1mInstants Load (0.4ms)[0m   [0;1mSELECT * FROM `instants` LIMIT 1[0m
  [4;35;1mInstants Columns (0.7ms)[0m   [0mSHOW FIELDS FROM `instants`[0m
  [4;36;1mPermission Load (0.0ms)[0m   [0;1mMysql::Error: Unknown column 'permissions.instants_id' in 'where clause': SELECT * FROM `permissions` WHERE (`permissions`.instants_id = 1) [0m
  [4;35;1mPermission Load (0.5ms)[0m   [0mSELECT * FROM `permissions` WHERE (`permissions`.instants_id = 1) [0m
  [4;36;1mSQL (0.2ms)[0m   [0;1mBEGIN[0m
  [4;35;1mPermission Update (0.4ms)[0m   [0mUPDATE `permissions` SET `updated_at` = '2012-06-03 16:05:08' WHERE `id` = 2[0m
  [4;36;1mSQL (3.7ms)[0m   [0;1mCOMMIT[0m
